<?xml version="1.0" encoding="UTF-8"?>
<testng-results ignored="0" total="1" passed="1" failed="0" skipped="0">
  <reporter-output>
  </reporter-output>
  <suite started-at="2023-12-06T00:10:06 IST" name="Suite" finished-at="2023-12-06T00:10:19 IST" duration-ms="13336">
    <groups>
    </groups>
    <test started-at="2023-12-06T00:10:06 IST" name="Test" finished-at="2023-12-06T00:10:19 IST" duration-ms="13336">
      <class name="TestSuites.TestHRM">
        <test-method is-config="true" signature="invokeBrowser()[pri:0, instance:TestSuites.TestHRM@32b260fa]" started-at="2023-12-06T00:10:06 IST" name="invokeBrowser" finished-at="2023-12-06T00:10:07 IST" duration-ms="1656" status="PASS">
          <reporter-output>
          </reporter-output>
        </test-method> <!-- invokeBrowser -->
        <test-method signature="testCases()[pri:1, instance:TestSuites.TestHRM@32b260fa]" started-at="2023-12-06T00:10:07 IST" name="testCases" finished-at="2023-12-06T00:10:19 IST" duration-ms="11408" status="PASS">
          <reporter-output>
          </reporter-output>
        </test-method> <!-- testCases -->
        <test-method is-config="true" signature="closeBrowser()[pri:0, instance:TestSuites.TestHRM@32b260fa]" started-at="2023-12-06T00:10:19 IST" name="closeBrowser" finished-at="2023-12-06T00:10:19 IST" duration-ms="250" status="PASS">
          <reporter-output>
          </reporter-output>
        </test-method> <!-- closeBrowser -->
      </class> <!-- TestSuites.TestHRM -->
    </test> <!-- Test -->
  </suite> <!-- Suite -->
</testng-results>
